app/build/intermediates/manifest_merge_blame_file/debug/processDebugMainManifest/manifest-merger-blame-debug-report.txt
1<?xml version="1.0" encoding="utf-8"?>
2<manifest xmlns:android="http://schemas.android.com/apk/res/android"
3    package="com.example.photobooth"
4    android:versionCode="1"
5    android:versionName="1.0" >
6
7    <uses-sdk
8        android:minSdkVersion="26"
9        android:targetSdkVersion="34" />
10
11    <uses-feature
11-->src\main\AndroidManifest.xml:5:5-7:35
12        android:name="android.hardware.camera"
12-->src\main\AndroidManifest.xml:6:9-47
13        android:required="true" />
13-->src\main\AndroidManifest.xml:7:9-32
14
15    <uses-permission android:name="android.permission.CAMERA" />
15-->src\main\AndroidManifest.xml:9:5-65
15-->src\main\AndroidManifest.xml:9:22-62
16    <uses-permission android:name="android.permission.INTERNET" />
16-->src\main\AndroidManifest.xml:10:5-67
16-->src\main\AndroidManifest.xml:10:22-64
17    <uses-permission
17-->src\main\AndroidManifest.xml:11:5-107
18        android:name="android.permission.READ_EXTERNAL_STORAGE"
18-->src\main\AndroidManifest.xml:11:22-77
19        android:maxSdkVersion="32" />
19-->src\main\AndroidManifest.xml:11:78-104
20    <uses-permission
20-->src\main\AndroidManifest.xml:12:5-108
21        android:name="android.permission.WRITE_EXTERNAL_STORAGE"
21-->src\main\AndroidManifest.xml:12:22-78
22        android:maxSdkVersion="28" />
22-->src\main\AndroidManifest.xml:12:79-105
23    <uses-permission android:name="android.permission.ACCESS_NETWORK_STATE" />
23-->[com.google.firebase:firebase-auth:22.3.0] AndroidManifest.xml:26:5-79
23-->[com.google.firebase:firebase-auth:22.3.0] AndroidManifest.xml:26:22-76
24
25    <queries>
25-->[androidx.camera:camera-extensions:1.3.0] AndroidManifest.xml:22:5-26:15
26        <intent>
26-->[androidx.camera:camera-extensions:1.3.0] AndroidManifest.xml:23:9-25:18
27            <action android:name="androidx.camera.extensions.action.VENDOR_ACTION" />
27-->[androidx.camera:camera-extensions:1.3.0] AndroidManifest.xml:24:13-86
27-->[androidx.camera:camera-extensions:1.3.0] AndroidManifest.xml:24:21-83
28        </intent>
29    </queries>
30
31    <permission
31-->[androidx.core:core:1.12.0] AndroidManifest.xml:22:5-24:47
32        android:name="com.example.photobooth.DYNAMIC_RECEIVER_NOT_EXPORTED_PERMISSION"
32-->[androidx.core:core:1.12.0] AndroidManifest.xml:23:9-81
33        android:protectionLevel="signature" />
33-->[androidx.core:core:1.12.0] AndroidManifest.xml:24:9-44
34
35    <uses-permission android:name="com.example.photobooth.DYNAMIC_RECEIVER_NOT_EXPORTED_PERMISSION" />
35-->[androidx.core:core:1.12.0] AndroidManifest.xml:26:5-97
35-->[androidx.core:core:1.12.0] AndroidManifest.xml:26:22-94
36
37    <application
37-->src\main\AndroidManifest.xml:14:5-31:19
38        android:allowBackup="true"
38-->src\main\AndroidManifest.xml:15:9-35
39        android:appComponentFactory="androidx.core.app.CoreComponentFactory"
39-->[androidx.core:core:1.12.0] AndroidManifest.xml:28:18-86
40        android:debuggable="true"
41        android:extractNativeLibs="true"
41-->src\main\AndroidManifest.xml:20:9-41
42        android:icon="@mipmap/ic_launcher"
42-->src\main\AndroidManifest.xml:16:9-43
43        android:label="@string/app_name"
43-->src\main\AndroidManifest.xml:17:9-41
44        android:roundIcon="@mipmap/ic_launcher_round"
44-->src\main\AndroidManifest.xml:18:9-54
45        android:supportsRtl="true"
45-->src\main\AndroidManifest.xml:19:9-35
46        android:testOnly="true"
47        android:theme="@style/Theme.PhotoBooth" >
47-->src\main\AndroidManifest.xml:21:9-48
48        <activity
48-->src\main\AndroidManifest.xml:22:9-30:20
49            android:name="com.example.photobooth.MainActivity"
49-->src\main\AndroidManifest.xml:23:13-41
50            android:exported="true"
50-->src\main\AndroidManifest.xml:24:13-36
51            android:theme="@style/Theme.PhotoBooth" >
51-->src\main\AndroidManifest.xml:25:13-52
52            <intent-filter>
52-->src\main\AndroidManifest.xml:26:13-29:29
53                <action android:name="android.intent.action.MAIN" />
53-->src\main\AndroidManifest.xml:27:17-69
53-->src\main\AndroidManifest.xml:27:25-66
54
55                <category android:name="android.intent.category.LAUNCHER" />
55-->src\main\AndroidManifest.xml:28:17-77
55-->src\main\AndroidManifest.xml:28:27-74
56            </intent-filter>
57        </activity>
58
59        <service
59-->[androidx.room:room-runtime:2.6.1] AndroidManifest.xml:24:9-28:63
60            android:name="androidx.room.MultiInstanceInvalidationService"
60-->[androidx.room:room-runtime:2.6.1] AndroidManifest.xml:25:13-74
61            android:directBootAware="true"
61-->[androidx.room:room-runtime:2.6.1] AndroidManifest.xml:26:13-43
62            android:exported="false" />
62-->[androidx.room:room-runtime:2.6.1] AndroidManifest.xml:27:13-37
63
64        <activity
64-->[com.google.firebase:firebase-auth:22.3.0] AndroidManifest.xml:29:9-46:20
65            android:name="com.google.firebase.auth.internal.GenericIdpActivity"
65-->[com.google.firebase:firebase-auth:22.3.0] AndroidManifest.xml:30:13-80
66            android:excludeFromRecents="true"
66-->[com.google.firebase:firebase-auth:22.3.0] AndroidManifest.xml:31:13-46
67            android:exported="true"
67-->[com.google.firebase:firebase-auth:22.3.0] AndroidManifest.xml:32:13-36
68            android:launchMode="singleTask"
68-->[com.google.firebase:firebase-auth:22.3.0] AndroidManifest.xml:33:13-44
69            android:theme="@android:style/Theme.Translucent.NoTitleBar" >
69-->[com.google.firebase:firebase-auth:22.3.0] AndroidManifest.xml:34:13-72
70            <intent-filter>
70-->[com.google.firebase:firebase-auth:22.3.0] AndroidManifest.xml:35:13-45:29
71                <action android:name="android.intent.action.VIEW" />
71-->[com.google.firebase:firebase-auth:22.3.0] AndroidManifest.xml:36:17-69
71-->[com.google.firebase:firebase-auth:22.3.0] AndroidManifest.xml:36:25-66
72
73                <category android:name="android.intent.category.DEFAULT" />
73-->[com.google.firebase:firebase-auth:22.3.0] AndroidManifest.xml:38:17-76
73-->[com.google.firebase:firebase-auth:22.3.0] AndroidManifest.xml:38:27-73
74                <category android:name="android.intent.category.BROWSABLE" />
74-->[com.google.firebase:firebase-auth:22.3.0] AndroidManifest.xml:39:17-78
74-->[com.google.firebase:firebase-auth:22.3.0] AndroidManifest.xml:39:27-75
75
76                <data
76-->[com.google.firebase:firebase-auth:22.3.0] AndroidManifest.xml:41:17-44:51
77                    android:host="firebase.auth"
77-->[com.google.firebase:firebase-auth:22.3.0] AndroidManifest.xml:42:21-49
78                    android:path="/"
78-->[com.google.firebase:firebase-auth:22.3.0] AndroidManifest.xml:43:21-37
79                    android:scheme="genericidp" />
79-->[com.google.firebase:firebase-auth:22.3.0] AndroidManifest.xml:44:21-48
80            </intent-filter>
81        </activity>
82        <activity
82-->[com.google.firebase:firebase-auth:22.3.0] AndroidManifest.xml:47:9-64:20
83            android:name="com.google.firebase.auth.internal.RecaptchaActivity"
83-->[com.google.firebase:firebase-auth:22.3.0] AndroidManifest.xml:48:13-79
84            android:excludeFromRecents="true"
84-->[com.google.firebase:firebase-auth:22.3.0] AndroidManifest.xml:49:13-46
85            android:exported="true"
85-->[com.google.firebase:firebase-auth:22.3.0] AndroidManifest.xml:50:13-36
86            android:launchMode="singleTask"
86-->[com.google.firebase:firebase-auth:22.3.0] AndroidManifest.xml:51:13-44
87            android:theme="@android:style/Theme.Translucent.NoTitleBar" >
87-->[com.google.firebase:firebase-auth:22.3.0] AndroidManifest.xml:52:13-72
88            <intent-filter>
88-->[com.google.firebase:firebase-auth:22.3.0] AndroidManifest.xml:53:13-63:29
89                <action android:name="android.intent.action.VIEW" />
89-->[com.google.firebase:firebase-auth:22.3.0] AndroidManifest.xml:36:17-69
89-->[com.google.firebase:firebase-auth:22.3.0] AndroidManifest.xml:36:25-66
90
91                <category android:name="android.intent.category.DEFAULT" />
91-->[com.google.firebase:firebase-auth:22.3.0] AndroidManifest.xml:38:17-76
91-->[com.google.firebase:firebase-auth:22.3.0] AndroidManifest.xml:38:27-73
92                <category android:name="android.intent.category.BROWSABLE" />
92-->[com.google.firebase:firebase-auth:22.3.0] AndroidManifest.xml:39:17-78
92-->[com.google.firebase:firebase-auth:22.3.0] AndroidManifest.xml:39:27-75
93
94                <data
94-->[com.google.firebase:firebase-auth:22.3.0] AndroidManifest.xml:41:17-44:51
95                    android:host="firebase.auth"
95-->[com.google.firebase:firebase-auth:22.3.0] AndroidManifest.xml:42:21-49
96                    android:path="/"
96-->[com.google.firebase:firebase-auth:22.3.0] AndroidManifest.xml:43:21-37
97                    android:scheme="recaptcha" />
97-->[com.google.firebase:firebase-auth:22.3.0] AndroidManifest.xml:44:21-48
98            </intent-filter>
99        </activity>
100
101        <service
101-->[com.google.firebase:firebase-auth:22.3.0] AndroidManifest.xml:66:9-72:19
102            android:name="com.google.firebase.components.ComponentDiscoveryService"
102-->[com.google.firebase:firebase-auth:22.3.0] AndroidManifest.xml:67:13-84
103            android:directBootAware="true"
103-->[com.google.firebase:firebase-common:20.4.2] AndroidManifest.xml:32:13-43
104            android:exported="false" >
104-->[com.google.firebase:firebase-auth:22.3.0] AndroidManifest.xml:68:13-37
105            <meta-data
105-->[com.google.firebase:firebase-auth:22.3.0] AndroidManifest.xml:69:13-71:85
106                android:name="com.google.firebase.components:com.google.firebase.auth.FirebaseAuthRegistrar"
106-->[com.google.firebase:firebase-auth:22.3.0] AndroidManifest.xml:70:17-109
107                android:value="com.google.firebase.components.ComponentRegistrar" />
107-->[com.google.firebase:firebase-auth:22.3.0] AndroidManifest.xml:71:17-82
108            <meta-data
108-->[com.google.firebase:firebase-firestore:24.10.0] AndroidManifest.xml:17:13-19:85
109                android:name="com.google.firebase.components:com.google.firebase.firestore.FirebaseFirestoreKtxRegistrar"
109-->[com.google.firebase:firebase-firestore:24.10.0] AndroidManifest.xml:18:17-122
110                android:value="com.google.firebase.components.ComponentRegistrar" />
110-->[com.google.firebase:firebase-firestore:24.10.0] AndroidManifest.xml:19:17-82
111            <meta-data
111-->[com.google.firebase:firebase-firestore:24.10.0] AndroidManifest.xml:20:13-22:85
112                android:name="com.google.firebase.components:com.google.firebase.firestore.FirestoreRegistrar"
112-->[com.google.firebase:firebase-firestore:24.10.0] AndroidManifest.xml:21:17-111
113                android:value="com.google.firebase.components.ComponentRegistrar" />
113-->[com.google.firebase:firebase-firestore:24.10.0] AndroidManifest.xml:22:17-82
114            <meta-data
114-->[com.google.firebase:firebase-storage:20.3.0] AndroidManifest.xml:30:13-32:85
115                android:name="com.google.firebase.components:com.google.firebase.storage.FirebaseStorageKtxRegistrar"
115-->[com.google.firebase:firebase-storage:20.3.0] AndroidManifest.xml:31:17-118
116                android:value="com.google.firebase.components.ComponentRegistrar" />
116-->[com.google.firebase:firebase-storage:20.3.0] AndroidManifest.xml:32:17-82
117            <meta-data
117-->[com.google.firebase:firebase-storage:20.3.0] AndroidManifest.xml:33:13-35:85
118                android:name="com.google.firebase.components:com.google.firebase.storage.StorageRegistrar"
118-->[com.google.firebase:firebase-storage:20.3.0] AndroidManifest.xml:34:17-107
119                android:value="com.google.firebase.components.ComponentRegistrar" />
119-->[com.google.firebase:firebase-storage:20.3.0] AndroidManifest.xml:35:17-82
120            <meta-data
120-->[com.google.firebase:firebase-appcheck:17.1.1] AndroidManifest.xml:25:13-27:85
121                android:name="com.google.firebase.components:com.google.firebase.appcheck.FirebaseAppCheckKtxRegistrar"
121-->[com.google.firebase:firebase-appcheck:17.1.1] AndroidManifest.xml:26:17-120
122                android:value="com.google.firebase.components.ComponentRegistrar" />
122-->[com.google.firebase:firebase-appcheck:17.1.1] AndroidManifest.xml:27:17-82
123            <meta-data
123-->[com.google.firebase:firebase-appcheck:17.1.1] AndroidManifest.xml:28:13-30:85
124                android:name="com.google.firebase.components:com.google.firebase.appcheck.FirebaseAppCheckRegistrar"
124-->[com.google.firebase:firebase-appcheck:17.1.1] AndroidManifest.xml:29:17-117
125                android:value="com.google.firebase.components.ComponentRegistrar" />
125-->[com.google.firebase:firebase-appcheck:17.1.1] AndroidManifest.xml:30:17-82
126            <meta-data
126-->[com.google.firebase:firebase-common-ktx:20.4.2] AndroidManifest.xml:12:13-14:85
127                android:name="com.google.firebase.components:com.google.firebase.ktx.FirebaseCommonLegacyRegistrar"
127-->[com.google.firebase:firebase-common-ktx:20.4.2] AndroidManifest.xml:13:17-116
128                android:value="com.google.firebase.components.ComponentRegistrar" />
128-->[com.google.firebase:firebase-common-ktx:20.4.2] AndroidManifest.xml:14:17-82
129            <meta-data
129-->[com.google.firebase:firebase-common:20.4.2] AndroidManifest.xml:35:13-37:85
130                android:name="com.google.firebase.components:com.google.firebase.FirebaseCommonKtxRegistrar"
130-->[com.google.firebase:firebase-common:20.4.2] AndroidManifest.xml:36:17-109
131                android:value="com.google.firebase.components.ComponentRegistrar" />
131-->[com.google.firebase:firebase-common:20.4.2] AndroidManifest.xml:37:17-82
132        </service>
133
134        <activity
134-->[androidx.compose.ui:ui-test-manifest:1.5.4] AndroidManifest.xml:23:9-25:39
135            android:name="androidx.activity.ComponentActivity"
135-->[androidx.compose.ui:ui-test-manifest:1.5.4] AndroidManifest.xml:24:13-63
136            android:exported="true" />
136-->[androidx.compose.ui:ui-test-manifest:1.5.4] AndroidManifest.xml:25:13-36
137        <activity
137-->[androidx.compose.ui:ui-tooling-android:1.5.4] AndroidManifest.xml:23:9-25:39
138            android:name="androidx.compose.ui.tooling.PreviewActivity"
138-->[androidx.compose.ui:ui-tooling-android:1.5.4] AndroidManifest.xml:24:13-71
139            android:exported="true" />
139-->[androidx.compose.ui:ui-tooling-android:1.5.4] AndroidManifest.xml:25:13-36
140
141        <uses-library
141-->[androidx.camera:camera-extensions:1.3.0] AndroidManifest.xml:29:9-31:40
142            android:name="androidx.camera.extensions.impl"
142-->[androidx.camera:camera-extensions:1.3.0] AndroidManifest.xml:30:13-59
143            android:required="false" />
143-->[androidx.camera:camera-extensions:1.3.0] AndroidManifest.xml:31:13-37
144
145        <service
145-->[androidx.camera:camera-camera2:1.3.0] AndroidManifest.xml:24:9-33:19
146            android:name="androidx.camera.core.impl.MetadataHolderService"
146-->[androidx.camera:camera-camera2:1.3.0] AndroidManifest.xml:25:13-75
147            android:enabled="false"
147-->[androidx.camera:camera-camera2:1.3.0] AndroidManifest.xml:26:13-36
148            android:exported="false" >
148-->[androidx.camera:camera-camera2:1.3.0] AndroidManifest.xml:27:13-37
149            <meta-data
149-->[androidx.camera:camera-camera2:1.3.0] AndroidManifest.xml:30:13-32:89
150                android:name="androidx.camera.core.impl.MetadataHolderService.DEFAULT_CONFIG_PROVIDER"
150-->[androidx.camera:camera-camera2:1.3.0] AndroidManifest.xml:31:17-103
151                android:value="androidx.camera.camera2.Camera2Config$DefaultProvider" />
151-->[androidx.camera:camera-camera2:1.3.0] AndroidManifest.xml:32:17-86
152        </service>
153
154        <activity
154-->[com.google.android.gms:play-services-auth:20.7.0] AndroidManifest.xml:23:9-27:75
155            android:name="com.google.android.gms.auth.api.signin.internal.SignInHubActivity"
155-->[com.google.android.gms:play-services-auth:20.7.0] AndroidManifest.xml:24:13-93
156            android:excludeFromRecents="true"
156-->[com.google.android.gms:play-services-auth:20.7.0] AndroidManifest.xml:25:13-46
157            android:exported="false"
157-->[com.google.android.gms:play-services-auth:20.7.0] AndroidManifest.xml:26:13-37
158            android:theme="@android:style/Theme.Translucent.NoTitleBar" />
158-->[com.google.android.gms:play-services-auth:20.7.0] AndroidManifest.xml:27:13-72
159        <!--
160            Service handling Google Sign-In user revocation. For apps that do not integrate with
161            Google Sign-In, this service will never be started.
162        -->
163        <service
163-->[com.google.android.gms:play-services-auth:20.7.0] AndroidManifest.xml:33:9-37:51
164            android:name="com.google.android.gms.auth.api.signin.RevocationBoundService"
164-->[com.google.android.gms:play-services-auth:20.7.0] AndroidManifest.xml:34:13-89
165            android:exported="true"
165-->[com.google.android.gms:play-services-auth:20.7.0] AndroidManifest.xml:35:13-36
166            android:permission="com.google.android.gms.auth.api.signin.permission.REVOCATION_NOTIFICATION"
166-->[com.google.android.gms:play-services-auth:20.7.0] AndroidManifest.xml:36:13-107
167            android:visibleToInstantApps="true" />
167-->[com.google.android.gms:play-services-auth:20.7.0] AndroidManifest.xml:37:13-48
168
169        <activity
169-->[com.google.android.gms:play-services-base:18.0.1] AndroidManifest.xml:20:9-22:45
170            android:name="com.google.android.gms.common.api.GoogleApiActivity"
170-->[com.google.android.gms:play-services-base:18.0.1] AndroidManifest.xml:20:19-85
171            android:exported="false"
171-->[com.google.android.gms:play-services-base:18.0.1] AndroidManifest.xml:22:19-43
172            android:theme="@android:style/Theme.Translucent.NoTitleBar" />
172-->[com.google.android.gms:play-services-base:18.0.1] AndroidManifest.xml:21:19-78
173
174        <provider
174-->[com.google.firebase:firebase-common:20.4.2] AndroidManifest.xml:23:9-28:39
175            android:name="com.google.firebase.provider.FirebaseInitProvider"
175-->[com.google.firebase:firebase-common:20.4.2] AndroidManifest.xml:24:13-77
176            android:authorities="com.example.photobooth.firebaseinitprovider"
176-->[com.google.firebase:firebase-common:20.4.2] AndroidManifest.xml:25:13-72
177            android:directBootAware="true"
177-->[com.google.firebase:firebase-common:20.4.2] AndroidManifest.xml:26:13-43
178            android:exported="false"
178-->[com.google.firebase:firebase-common:20.4.2] AndroidManifest.xml:27:13-37
179            android:initOrder="100" />
179-->[com.google.firebase:firebase-common:20.4.2] AndroidManifest.xml:28:13-36
180
181        <meta-data
181-->[com.google.android.gms:play-services-basement:18.2.0] AndroidManifest.xml:21:9-23:69
182            android:name="com.google.android.gms.version"
182-->[com.google.android.gms:play-services-basement:18.2.0] AndroidManifest.xml:22:13-58
183            android:value="@integer/google_play_services_version" />
183-->[com.google.android.gms:play-services-basement:18.2.0] AndroidManifest.xml:23:13-66
184
185        <provider
185-->[androidx.emoji2:emoji2:1.4.0] AndroidManifest.xml:24:9-32:20
186            android:name="androidx.startup.InitializationProvider"
186-->[androidx.emoji2:emoji2:1.4.0] AndroidManifest.xml:25:13-67
187            android:authorities="com.example.photobooth.androidx-startup"
187-->[androidx.emoji2:emoji2:1.4.0] AndroidManifest.xml:26:13-68
188            android:exported="false" >
188-->[androidx.emoji2:emoji2:1.4.0] AndroidManifest.xml:27:13-37
189            <meta-data
189-->[androidx.emoji2:emoji2:1.4.0] AndroidManifest.xml:29:13-31:52
190                android:name="androidx.emoji2.text.EmojiCompatInitializer"
190-->[androidx.emoji2:emoji2:1.4.0] AndroidManifest.xml:30:17-75
191                android:value="androidx.startup" />
191-->[androidx.emoji2:emoji2:1.4.0] AndroidManifest.xml:31:17-49
192            <meta-data
192-->[androidx.lifecycle:lifecycle-process:2.6.2] AndroidManifest.xml:29:13-31:52
193                android:name="androidx.lifecycle.ProcessLifecycleInitializer"
193-->[androidx.lifecycle:lifecycle-process:2.6.2] AndroidManifest.xml:30:17-78
194                android:value="androidx.startup" />
194-->[androidx.lifecycle:lifecycle-process:2.6.2] AndroidManifest.xml:31:17-49
195            <meta-data
195-->[androidx.profileinstaller:profileinstaller:1.3.1] AndroidManifest.xml:29:13-31:52
196                android:name="androidx.profileinstaller.ProfileInstallerInitializer"
196-->[androidx.profileinstaller:profileinstaller:1.3.1] AndroidManifest.xml:30:17-85
197                android:value="androidx.startup" />
197-->[androidx.profileinstaller:profileinstaller:1.3.1] AndroidManifest.xml:31:17-49
198        </provider>
199
200        <receiver
200-->[androidx.profileinstaller:profileinstaller:1.3.1] AndroidManifest.xml:34:9-52:20
201            android:name="androidx.profileinstaller.ProfileInstallReceiver"
201-->[androidx.profileinstaller:profileinstaller:1.3.1] AndroidManifest.xml:35:13-76
202            android:directBootAware="false"
202-->[androidx.profileinstaller:profileinstaller:1.3.1] AndroidManifest.xml:36:13-44
203            android:enabled="true"
203-->[androidx.profileinstaller:profileinstaller:1.3.1] AndroidManifest.xml:37:13-35
204            android:exported="true"
204-->[androidx.profileinstaller:profileinstaller:1.3.1] AndroidManifest.xml:38:13-36
205            android:permission="android.permission.DUMP" >
205-->[androidx.profileinstaller:profileinstaller:1.3.1] AndroidManifest.xml:39:13-57
206            <intent-filter>
206-->[androidx.profileinstaller:profileinstaller:1.3.1] AndroidManifest.xml:40:13-42:29
207                <action android:name="androidx.profileinstaller.action.INSTALL_PROFILE" />
207-->[androidx.profileinstaller:profileinstaller:1.3.1] AndroidManifest.xml:41:17-91
207-->[androidx.profileinstaller:profileinstaller:1.3.1] AndroidManifest.xml:41:25-88
208            </intent-filter>
209            <intent-filter>
209-->[androidx.profileinstaller:profileinstaller:1.3.1] AndroidManifest.xml:43:13-45:29
210                <action android:name="androidx.profileinstaller.action.SKIP_FILE" />
210-->[androidx.profileinstaller:profileinstaller:1.3.1] AndroidManifest.xml:44:17-85
210-->[androidx.profileinstaller:profileinstaller:1.3.1] AndroidManifest.xml:44:25-82
211            </intent-filter>
212            <intent-filter>
212-->[androidx.profileinstaller:profileinstaller:1.3.1] AndroidManifest.xml:46:13-48:29
213                <action android:name="androidx.profileinstaller.action.SAVE_PROFILE" />
213-->[androidx.profileinstaller:profileinstaller:1.3.1] AndroidManifest.xml:47:17-88
213-->[androidx.profileinstaller:profileinstaller:1.3.1] AndroidManifest.xml:47:25-85
214            </intent-filter>
215            <intent-filter>
215-->[androidx.profileinstaller:profileinstaller:1.3.1] AndroidManifest.xml:49:13-51:29
216                <action android:name="androidx.profileinstaller.action.BENCHMARK_OPERATION" />
216-->[androidx.profileinstaller:profileinstaller:1.3.1] AndroidManifest.xml:50:17-95
216-->[androidx.profileinstaller:profileinstaller:1.3.1] AndroidManifest.xml:50:25-92
217            </intent-filter>
218        </receiver>
219    </application>
220
221</manifest>